<?xml version="1.0" encoding="UTF-8"?>
<testng-results skipped="0" failed="0" ignored="0" total="1" passed="1">
  <reporter-output>
  </reporter-output>
  <suite name="Suite" duration-ms="10491" started-at="2021-01-07T15:10:29 IST" finished-at="2021-01-07T15:10:40 IST">
    <groups>
      <group name="cucumber">
        <method signature="AbstractTestNGCucumberTests.feature(cucumber.api.testng.CucumberFeatureWrapper)[pri:0, instance:runner.RunCuke@5faeada1]" name="feature" class="cucumber.api.testng.AbstractTestNGCucumberTests"/>
      </group> <!-- cucumber -->
    </groups>
    <test name="Test" duration-ms="10491" started-at="2021-01-07T15:10:29 IST" finished-at="2021-01-07T15:10:40 IST">
      <class name="runner.RunCuke">
        <test-method status="PASS" signature="setUpClass()[pri:0, instance:runner.RunCuke@5faeada1]" name="setUpClass" is-config="true" duration-ms="293" started-at="2021-01-07T15:10:30 IST" finished-at="2021-01-07T15:10:30 IST">
          <reporter-output>
          </reporter-output>
        </test-method> <!-- setUpClass -->
        <test-method status="PASS" signature="feature(cucumber.api.testng.CucumberFeatureWrapper)[pri:0, instance:runner.RunCuke@5faeada1]" name="feature" duration-ms="9822" started-at="2021-01-07T15:10:30 IST" description="Runs Cucumber Feature" data-provider="features" finished-at="2021-01-07T15:10:40 IST">
          <params>
            <param index="0">
              <value>
                <![CDATA[Google Homepage]]>
              </value>
            </param>
          </params>
          <reporter-output>
          </reporter-output>
        </test-method> <!-- feature -->
        <test-method status="PASS" signature="tearDownClass()[pri:0, instance:runner.RunCuke@5faeada1]" name="tearDownClass" is-config="true" duration-ms="14" started-at="2021-01-07T15:10:40 IST" finished-at="2021-01-07T15:10:40 IST">
          <reporter-output>
          </reporter-output>
        </test-method> <!-- tearDownClass -->
      </class> <!-- runner.RunCuke -->
    </test> <!-- Test -->
  </suite> <!-- Suite -->
</testng-results>
