<?xml version="1.0" encoding="UTF-8"?>
<!-- Generated by org.testng.reporters.JUnitXMLReporter -->
<testsuite hostname="LAPTOP-O1ADAID9" ignored="0" name="Default test" tests="1" failures="1" timestamp="2023-07-26T08:53:44 EDT" time="4.694" errors="0">
  <testcase name="runScenario" time="3.977" classname="io.cucumber.testng.AbstractTestNGCucumberTests">
    <failure type="java.lang.NullPointerException">
      <![CDATA[java.lang.NullPointerException
at Listener.ExtentReportListenerV5.testStepHandle(ExtentReportListenerV5.java:47)
at StepDefinition.CucumberStepDefFirst.i_open_Google_Homepage(CucumberStepDefFirst.java:73)
at ✽.I open Google Homepage(file:///D:/CucumberMavenProject/src/test/resources/Features/FeatureFile.feature:10)
]]>
    </failure>
  </testcase> <!-- runScenario -->
</testsuite> <!-- Default test -->
