<?xml version="1.0" encoding="UTF-8"?>
<testng-results skipped="0" failed="0" ignored="0" total="1" passed="1">
  <reporter-output>
  </reporter-output>
  <suite name="Suite" duration-ms="8322" started-at="2023-07-24T09:17:38 EDT" finished-at="2023-07-24T09:17:46 EDT">
    <groups>
      <group name="cucumber">
        <method signature="AbstractTestNGCucumberTests.feature(cucumber.api.testng.CucumberFeatureWrapper)[pri:0, instance:TestRunner.TestRunner@16f7c8c1]" name="feature" class="cucumber.api.testng.AbstractTestNGCucumberTests"/>
      </group> <!-- cucumber -->
    </groups>
    <test name="Test" duration-ms="8322" started-at="2023-07-24T09:17:38 EDT" finished-at="2023-07-24T09:17:46 EDT">
      <class name="TestRunner.TestRunner">
        <test-method status="PASS" signature="setUpClass()[pri:0, instance:TestRunner.TestRunner@16f7c8c1]" name="setUpClass" is-config="true" duration-ms="277" started-at="2023-07-24T09:17:38 EDT" finished-at="2023-07-24T09:17:38 EDT">
          <reporter-output>
          </reporter-output>
        </test-method> <!-- setUpClass -->
        <test-method status="PASS" signature="feature(cucumber.api.testng.CucumberFeatureWrapper)[pri:0, instance:TestRunner.TestRunner@16f7c8c1]" name="feature" duration-ms="7756" started-at="2023-07-24T09:17:38 EDT" description="Runs Cucumber Feature" data-provider="features" finished-at="2023-07-24T09:17:46 EDT">
          <params>
            <param index="0">
              <value>
                <![CDATA[Google Homepage]]>
              </value>
            </param>
          </params>
          <reporter-output>
          </reporter-output>
        </test-method> <!-- feature -->
        <test-method status="PASS" signature="tearDownClass()[pri:0, instance:TestRunner.TestRunner@16f7c8c1]" name="tearDownClass" is-config="true" duration-ms="12" started-at="2023-07-24T09:17:46 EDT" finished-at="2023-07-24T09:17:46 EDT">
          <reporter-output>
          </reporter-output>
        </test-method> <!-- tearDownClass -->
      </class> <!-- TestRunner.TestRunner -->
    </test> <!-- Test -->
  </suite> <!-- Suite -->
</testng-results>
